#
# A fatal error has been detected by the Java Runtime Environment:
#
#  SIGBUS (0x7) at pc=0x00007f17d6b09a32, pid=27236, tid=0x00007f17d9a81700
#
# JRE version: Java(TM) SE Runtime Environment (8.0_101-b13) (build 1.8.0_101-b13)
# Java VM: Java HotSpot(TM) 64-Bit Server VM (25.101-b13 mixed mode linux-amd64 compressed oops)
# Problematic frame:
# C  [libzip.so+0x11a32]  newEntry+0x62
#
# Failed to write core dump. Core dumps have been disabled. To enable core dumping, try "ulimit -c unlimited" before starting Java again
#
# If you would like to submit a bug report, please visit:
#   http://bugreport.java.com/bugreport/crash.jsp
# The crash happened outside the Java Virtual Machine in native code.
# See problematic frame for where to report the bug.
#

---------------  T H R E A D  ---------------

Current thread (0x00007f17d000a000):  JavaThread "main" [_thread_in_native, id=27240, stack(0x00007f17d9981000,0x00007f17d9a82000)]

siginfo: si_signo: 7 (SIGBUS), si_code: 2 (BUS_ADRERR), si_addr: 0x00007f17d407a4f6

Registers:
RAX=0x00007f17d01ce200, RBX=0x00007f17d0118fd0, RCX=0x00007f17d0000020, RDX=0x00007f17d01ce200
RSP=0x00007f17d9a7fea0, RBP=0x00007f17d9a7fef0, RSI=0x00007f17d0000038, RDI=0x00007f17d0000020
R8 =0x0000000000000003, R9 =0x0000000000000005, R10=0x00007f17c1177b58, R11=0x00007f17d900c550
R12=0x00007f17d407a4d9, R13=0x00007f17d01ce200, R14=0x00000000564ddca3, R15=0x00007f17d0114af0
RIP=0x00007f17d6b09a32, EFLAGS=0x0000000000010202, CSGSFS=0x0000000000000033, ERR=0x0000000000000004
  TRAPNO=0x000000000000000e

Top of Stack: (sp=0x00007f17d9a7fea0)
0x00007f17d9a7fea0:   00000000ecd3dcc0 0000000000000000
0x00007f17d9a7feb0:   00000001000007a8 00007f17d877534e
0x00007f17d9a7fec0:   00007f17d01ce200 00007f17d0118fd0
0x00007f17d9a7fed0:   00007f17d01cf610 00007f17d0114af0
0x00007f17d9a7fee0:   00000000564ddca3 0000000000000060
0x00007f17d9a7fef0:   00007f17d9a7ff50 00007f17d6b0a18f
0x00007f17d9a7ff00:   00007f17d000a000 00007f17d9a7ff08
0x00007f17d9a7ff10:   00007f17d9a7ff70 00007f17d9a7ffd1
0x00007f17d9a7ff20:   00007f17d9a7ffcf 00007f17d9a7ff70
0x00007f17d9a7ff30:   0000000000000060 00007f17d000a1f8
0x00007f17d9a7ff40:   00007f17d9a803c8 0000000000000000
0x00007f17d9a7ff50:   00007f17d9a803b0 00007f17d6afbec0
0x00007f17d9a7ff60:   00000000ecd05848 00007f17d0114af0
0x00007f17d9a7ff70:   706d75622f6d6f63 696c672f68636574
0x00007f17d9a7ff80:   2f64616f6c2f6564 656372756f736572
0x00007f17d9a7ff90:   2f70616d7469622f 62616c6379636552
0x00007f17d9a7ffa0:   726566667542656c 537475706e496465
0x00007f17d9a7ffb0:   6e49246d61657274 72614d64696c6176
0x00007f17d9a7ffc0:   697470656378456b 7373616c632e6e6f
0x00007f17d9a7ffd0:   00000000f0e5a400 00000000eccfded8
0x00007f17d9a7ffe0:   00000000ecd01dc0 0000000500000004
0x00007f17d9a7fff0:   00000000ecd3dcc0 00000000ecd04668
0x00007f17d9a80000:   0000000000000000 0000000100000000
0x00007f17d9a80010:   0000000100000000 0000000000000001
0x00007f17d9a80020:   00000000ecd3dce0 0000000100000021
0x00007f17d9a80030:   00000000ecd3ea50 00000000ecd3ee58
0x00007f17d9a80040:   00000000ecd3f060 0000000100000001
0x00007f17d9a80050:   00000000ecd3f128 00000000ecd068f8
0x00007f17d9a80060:   00000000ecd44088 00000000ecd44058
0x00007f17d9a80070:   00000000eccff9e8 00000000f0e985d8
0x00007f17d9a80080:   00000000ecd440a8 00000000c01f3a58
0x00007f17d9a80090:   00000000ecd44b10 00000000ecd44b38 

Instructions: (pc=0x00007f17d6b09a32)
0x00007f17d6b09a12:   00 48 c7 40 28 00 00 00 00 41 80 7f 30 00 0f 84
0x00007f17d6b09a22:   8a 02 00 00 4c 8b 63 08 4d 2b 67 28 4d 03 67 18
0x00007f17d6b09a32:   41 0f b6 5c 24 1d 41 0f b6 44 24 1c c1 e3 08 09
0x00007f17d6b09a42:   c3 41 0f b6 44 24 1e 88 45 bd 41 0f b6 54 24 20 

Register to memory mapping:

RAX=0x00007f17d01ce200 is an unknown value
RBX=0x00007f17d0118fd0 is an unknown value
RCX=0x00007f17d0000020 is an unknown value
RDX=0x00007f17d01ce200 is an unknown value
RSP=0x00007f17d9a7fea0 is pointing into the stack for thread: 0x00007f17d000a000
RBP=0x00007f17d9a7fef0 is pointing into the stack for thread: 0x00007f17d000a000
RSI=0x00007f17d0000038 is an unknown value
RDI=0x00007f17d0000020 is an unknown value
R8 =0x0000000000000003 is an unknown value
R9 =0x0000000000000005 is an unknown value
R10=0x00007f17c1177b58 is at entry_point+88 in (nmethod*)0x00007f17c1177990
R11=0x00007f17d900c550: <offset 0x187550> in /lib/x86_64-linux-gnu/libc.so.6 at 0x00007f17d8e85000
R12=0x00007f17d407a4d9 is an unknown value
R13=0x00007f17d01ce200 is an unknown value
R14=0x00000000564ddca3 is an unknown value
R15=0x00007f17d0114af0 is an unknown value


Stack: [0x00007f17d9981000,0x00007f17d9a82000],  sp=0x00007f17d9a7fea0,  free space=1019k
Native frames: (J=compiled Java code, j=interpreted, Vv=VM code, C=native code)
C  [libzip.so+0x11a32]  newEntry+0x62
C  [libzip.so+0x1218f]  ZIP_GetEntry2+0xff
C  [libzip.so+0x3ec0]  Java_java_util_zip_ZipFile_getEntry+0xf0
J 209  java.util.zip.ZipFile.getEntry(J[BZ)J (0 bytes) @ 0x00007f17c1177bce [0x00007f17c1177b00+0xce]
J 244 C1 java.util.zip.ZipFile.getInputStream(Ljava/util/zip/ZipEntry;)Ljava/io/InputStream; (304 bytes) @ 0x00007f17c118cb04 [0x00007f17c118c780+0x384]
j  com.android.dx.cf.direct.ClassPathOpener.processArchive(Ljava/io/File;)Z+132
j  com.android.dx.cf.direct.ClassPathOpener.processOne(Ljava/io/File;Z)Z+48
j  com.android.dx.cf.direct.ClassPathOpener.process()Z+15
j  com.android.dx.command.dexer.Main.processOne(Ljava/lang/String;Lcom/android/dx/cf/direct/ClassPathOpener$FileNameFilter;)V+58
j  com.android.dx.command.dexer.Main.processAllFiles()Z+202
j  com.android.dx.command.dexer.Main.runMonoDex()I+58
j  com.android.dx.command.dexer.Main.run(Lcom/android/dx/command/dexer/Main$Arguments;)I+76
j  com.android.dx.command.dexer.Main.main([Ljava/lang/String;)V+14
j  com.android.dx.command.Main.main([Ljava/lang/String;)V+61
v  ~StubRoutines::call_stub
V  [libjvm.so+0x68f6b6]  JavaCalls::call_helper(JavaValue*, methodHandle*, JavaCallArguments*, Thread*)+0x1056
V  [libjvm.so+0x6d0d42]  jni_invoke_static(JNIEnv_*, JavaValue*, _jobject*, JNICallType, _jmethodID*, JNI_ArgumentPusher*, Thread*)+0x362
V  [libjvm.so+0x6ed5aa]  jni_CallStaticVoidMethod+0x17a
C  [libjli.so+0x7bdf]  JavaMain+0x81f
C  [libpthread.so.0+0x8184]  start_thread+0xc4

Java frames: (J=compiled Java code, j=interpreted, Vv=VM code)
J 209  java.util.zip.ZipFile.getEntry(J[BZ)J (0 bytes) @ 0x00007f17c1177b58 [0x00007f17c1177b00+0x58]
J 244 C1 java.util.zip.ZipFile.getInputStream(Ljava/util/zip/ZipEntry;)Ljava/io/InputStream; (304 bytes) @ 0x00007f17c118cb04 [0x00007f17c118c780+0x384]
j  com.android.dx.cf.direct.ClassPathOpener.processArchive(Ljava/io/File;)Z+132
j  com.android.dx.cf.direct.ClassPathOpener.processOne(Ljava/io/File;Z)Z+48
j  com.android.dx.cf.direct.ClassPathOpener.process()Z+15
j  com.android.dx.command.dexer.Main.processOne(Ljava/lang/String;Lcom/android/dx/cf/direct/ClassPathOpener$FileNameFilter;)V+58
j  com.android.dx.command.dexer.Main.processAllFiles()Z+202
j  com.android.dx.command.dexer.Main.runMonoDex()I+58
j  com.android.dx.command.dexer.Main.run(Lcom/android/dx/command/dexer/Main$Arguments;)I+76
j  com.android.dx.command.dexer.Main.main([Ljava/lang/String;)V+14
j  com.android.dx.command.Main.main([Ljava/lang/String;)V+61
v  ~StubRoutines::call_stub

---------------  P R O C E S S  ---------------

Java Threads: ( => current thread )
  0x00007f17d00c9000 JavaThread "Service Thread" daemon [_thread_blocked, id=27252, stack(0x00007f17c02e8000,0x00007f17c03e9000)]
  0x00007f17d00be000 JavaThread "C1 CompilerThread2" daemon [_thread_blocked, id=27251, stack(0x00007f17c03e9000,0x00007f17c04ea000)]
  0x00007f17d00bc800 JavaThread "C2 CompilerThread1" daemon [_thread_in_native, id=27250, stack(0x00007f17c04ea000,0x00007f17c05eb000)]
  0x00007f17d00b9800 JavaThread "C2 CompilerThread0" daemon [_thread_in_native, id=27249, stack(0x00007f17c05eb000,0x00007f17c06ec000)]
  0x00007f17d00b8000 JavaThread "Signal Dispatcher" daemon [_thread_blocked, id=27248, stack(0x00007f17c06ec000,0x00007f17c07ed000)]
  0x00007f17d0084000 JavaThread "Finalizer" daemon [_thread_blocked, id=27247, stack(0x00007f17d40ca000,0x00007f17d41cb000)]
  0x00007f17d007f800 JavaThread "Reference Handler" daemon [_thread_blocked, id=27246, stack(0x00007f17d41cb000,0x00007f17d42cc000)]
=>0x00007f17d000a000 JavaThread "main" [_thread_in_native, id=27240, stack(0x00007f17d9981000,0x00007f17d9a82000)]

Other Threads:
  0x00007f17d0078000 VMThread [stack: 0x00007f17d42cc000,0x00007f17d43cd000] [id=27245]
  0x00007f17d00cc000 WatcherThread [stack: 0x00007f17c01e7000,0x00007f17c02e8000] [id=27253]

VM state:not at safepoint (normal execution)

VM Mutex/Monitor currently owned by a thread: None

Heap:
 PSYoungGen      total 99840K, used 40226K [0x00000000eab00000, 0x00000000f1000000, 0x0000000100000000)
  eden space 96256K, 38% used [0x00000000eab00000,0x00000000ececcf18,0x00000000f0900000)
  from space 3584K, 99% used [0x00000000f0c80000,0x00000000f0ffbcb0,0x00000000f1000000)
  to   space 3584K, 0% used [0x00000000f0900000,0x00000000f0900000,0x00000000f0c80000)
 ParOldGen       total 62976K, used 20485K [0x00000000c0000000, 0x00000000c3d80000, 0x00000000eab00000)
  object space 62976K, 32% used [0x00000000c0000000,0x00000000c14014c0,0x00000000c3d80000)
 Metaspace       used 6018K, capacity 7088K, committed 7296K, reserved 1056768K
  class space    used 572K, capacity 616K, committed 640K, reserved 1048576K

Card table byte_map: [0x00007f17d6537000,0x00007f17d6738000] byte_map_base: 0x00007f17d5f37000

Marking Bits: (ParMarkBitMap*) 0x00007f17d8e58120
 Begin Bits: [0x00007f17ba000000, 0x00007f17bb000000)
 End Bits:   [0x00007f17bb000000, 0x00007f17bc000000)

Polling page: 0x00007f17d9aa1000

CodeCache: size=245760Kb used=7109Kb max_used=7109Kb free=238650Kb
 bounds [0x00007f17c1000000, 0x00007f17c1700000, 0x00007f17d0000000]
 total_blobs=1977 nmethods=1713 adapters=178
 compilation: enabled

Compilation events (10 events):
Event: 5.111 Thread 0x00007f17d00be000 1765 %     3       com.android.dx.ssa.SCCP::simulateBranch @ 615 (666 bytes)
Event: 5.116 Thread 0x00007f17d00be000 nmethod 1765% 0x00007f17c16b6390 code [0x00007f17c16b6840, 0x00007f17c16ba3b8]
Event: 5.116 Thread 0x00007f17d00be000 1766       3       com.android.dx.ssa.SCCP::simulateBranch (666 bytes)
Event: 5.121 Thread 0x00007f17d00be000 nmethod 1766 0x00007f17c16ef890 code [0x00007f17c16efd40, 0x00007f17c16f3838]
Event: 5.130 Thread 0x00007f17d00be000 1767       2       com.android.dx.cf.code.BytecodeArray$ConstantParserVisitor::visitConstant (18 bytes)
Event: 5.130 Thread 0x00007f17d00be000 nmethod 1767 0x00007f17c16b6050 code [0x00007f17c16b61a0, 0x00007f17c16b6310]
Event: 5.137 Thread 0x00007f17d00be000 1768 %     3       java.util.HashMap::getNode @ 98 (148 bytes)
Event: 5.139 Thread 0x00007f17d00be000 nmethod 1768% 0x00007f17c16f5490 code [0x00007f17c16f56a0, 0x00007f17c16f63c8]
Event: 5.139 Thread 0x00007f17d00be000 1769       3       java.util.HashMap::getNode (148 bytes)
Event: 5.140 Thread 0x00007f17d00be000 nmethod 1769 0x00007f17c16f6850 code [0x00007f17c16f6a60, 0x00007f17c16f76c8]

GC Heap History (8 events):
Event: 1.769 GC heap before
{Heap before GC invocations=1 (full 0):
 PSYoungGen      total 27648K, used 24064K [0x00000000eab00000, 0x00000000ec980000, 0x0000000100000000)
  eden space 24064K, 100% used [0x00000000eab00000,0x00000000ec280000,0x00000000ec280000)
  from space 3584K, 0% used [0x00000000ec600000,0x00000000ec600000,0x00000000ec980000)
  to   space 3584K, 0% used [0x00000000ec280000,0x00000000ec280000,0x00000000ec600000)
 ParOldGen       total 62976K, used 0K [0x00000000c0000000, 0x00000000c3d80000, 0x00000000eab00000)
  object space 62976K, 0% used [0x00000000c0000000,0x00000000c0000000,0x00000000c3d80000)
 Metaspace       used 5497K, capacity 6768K, committed 7040K, reserved 1056768K
  class space    used 548K, capacity 616K, committed 640K, reserved 1048576K
Event: 1.792 GC heap after
Heap after GC invocations=1 (full 0):
 PSYoungGen      total 27648K, used 3559K [0x00000000eab00000, 0x00000000ee100000, 0x0000000100000000)
  eden space 24064K, 0% used [0x00000000eab00000,0x00000000eab00000,0x00000000ec280000)
  from space 3584K, 99% used [0x00000000ec280000,0x00000000ec5f9c88,0x00000000ec600000)
  to   space 3584K, 0% used [0x00000000edd80000,0x00000000edd80000,0x00000000ee100000)
 ParOldGen       total 62976K, used 1997K [0x00000000c0000000, 0x00000000c3d80000, 0x00000000eab00000)
  object space 62976K, 3% used [0x00000000c0000000,0x00000000c01f36f0,0x00000000c3d80000)
 Metaspace       used 5497K, capacity 6768K, committed 7040K, reserved 1056768K
  class space    used 548K, capacity 616K, committed 640K, reserved 1048576K
}
Event: 2.662 GC heap before
{Heap before GC invocations=2 (full 0):
 PSYoungGen      total 27648K, used 27623K [0x00000000eab00000, 0x00000000ee100000, 0x0000000100000000)
  eden space 24064K, 100% used [0x00000000eab00000,0x00000000ec280000,0x00000000ec280000)
  from space 3584K, 99% used [0x00000000ec280000,0x00000000ec5f9c88,0x00000000ec600000)
  to   space 3584K, 0% used [0x00000000edd80000,0x00000000edd80000,0x00000000ee100000)
 ParOldGen       total 62976K, used 1997K [0x00000000c0000000, 0x00000000c3d80000, 0x00000000eab00000)
  object space 62976K, 3% used [0x00000000c0000000,0x00000000c01f36f0,0x00000000c3d80000)
 Metaspace       used 5713K, capacity 6960K, committed 7040K, reserved 1056768K
  class space    used 550K, capacity 616K, committed 640K, reserved 1048576K
Event: 2.706 GC heap after
Heap after GC invocations=2 (full 0):
 PSYoungGen      total 51712K, used 3579K [0x00000000eab00000, 0x00000000ee100000, 0x0000000100000000)
  eden space 48128K, 0% used [0x00000000eab00000,0x00000000eab00000,0x00000000eda00000)
  from space 3584K, 99% used [0x00000000edd80000,0x00000000ee0fed58,0x00000000ee100000)
  to   space 3584K, 0% used [0x00000000eda00000,0x00000000eda00000,0x00000000edd80000)
 ParOldGen       total 62976K, used 5628K [0x00000000c0000000, 0x00000000c3d80000, 0x00000000eab00000)
  object space 62976K, 8% used [0x00000000c0000000,0x00000000c057f108,0x00000000c3d80000)
 Metaspace       used 5713K, capacity 6960K, committed 7040K, reserved 1056768K
  class space    used 550K, capacity 616K, committed 640K, reserved 1048576K
}
Event: 3.552 GC heap before
{Heap before GC invocations=3 (full 0):
 PSYoungGen      total 51712K, used 51707K [0x00000000eab00000, 0x00000000ee100000, 0x0000000100000000)
  eden space 48128K, 100% used [0x00000000eab00000,0x00000000eda00000,0x00000000eda00000)
  from space 3584K, 99% used [0x00000000edd80000,0x00000000ee0fed58,0x00000000ee100000)
  to   space 3584K, 0% used [0x00000000eda00000,0x00000000eda00000,0x00000000edd80000)
 ParOldGen       total 62976K, used 5628K [0x00000000c0000000, 0x00000000c3d80000, 0x00000000eab00000)
  object space 62976K, 8% used [0x00000000c0000000,0x00000000c057f108,0x00000000c3d80000)
 Metaspace       used 5948K, capacity 7088K, committed 7296K, reserved 1056768K
  class space    used 572K, capacity 616K, committed 640K, reserved 1048576K
Event: 3.601 GC heap after
Heap after GC invocations=3 (full 0):
 PSYoungGen      total 51712K, used 3558K [0x00000000eab00000, 0x00000000f1000000, 0x0000000100000000)
  eden space 48128K, 0% used [0x00000000eab00000,0x00000000eab00000,0x00000000eda00000)
  from space 3584K, 99% used [0x00000000eda00000,0x00000000edd798f8,0x00000000edd80000)
  to   space 3584K, 0% used [0x00000000f0c80000,0x00000000f0c80000,0x00000000f1000000)
 ParOldGen       total 62976K, used 12375K [0x00000000c0000000, 0x00000000c3d80000, 0x00000000eab00000)
  object space 62976K, 19% used [0x00000000c0000000,0x00000000c0c15e28,0x00000000c3d80000)
 Metaspace       used 5948K, capacity 7088K, committed 7296K, reserved 1056768K
  class space    used 572K, capacity 616K, committed 640K, reserved 1048576K
}
Event: 4.330 GC heap before
{Heap before GC invocations=4 (full 0):
 PSYoungGen      total 51712K, used 51686K [0x00000000eab00000, 0x00000000f1000000, 0x0000000100000000)
  eden space 48128K, 100% used [0x00000000eab00000,0x00000000eda00000,0x00000000eda00000)
  from space 3584K, 99% used [0x00000000eda00000,0x00000000edd798f8,0x00000000edd80000)
  to   space 3584K, 0% used [0x00000000f0c80000,0x00000000f0c80000,0x00000000f1000000)
 ParOldGen       total 62976K, used 12375K [0x00000000c0000000, 0x00000000c3d80000, 0x00000000eab00000)
  object space 62976K, 19% used [0x00000000c0000000,0x00000000c0c15e28,0x00000000c3d80000)
 Metaspace       used 5978K, capacity 7088K, committed 7296K, reserved 1056768K
  class space    used 572K, capacity 616K, committed 640K, reserved 1048576K
Event: 4.414 GC heap after
Heap after GC invocations=4 (full 0):
 PSYoungGen      total 99840K, used 3567K [0x00000000eab00000, 0x00000000f1000000, 0x0000000100000000)
  eden space 96256K, 0% used [0x00000000eab00000,0x00000000eab00000,0x00000000f0900000)
  from space 3584K, 99% used [0x00000000f0c80000,0x00000000f0ffbcb0,0x00000000f1000000)
  to   space 3584K, 0% used [0x00000000f0900000,0x00000000f0900000,0x00000000f0c80000)
 ParOldGen       total 62976K, used 20485K [0x00000000c0000000, 0x00000000c3d80000, 0x00000000eab00000)
  object space 62976K, 32% used [0x00000000c0000000,0x00000000c14014c0,0x00000000c3d80000)
 Metaspace       used 5978K, capacity 7088K, committed 7296K, reserved 1056768K
  class space    used 572K, capacity 616K, committed 640K, reserved 1048576K
}

Deoptimization events (10 events):
Event: 3.129 Thread 0x00007f17d000a000 Uncommon trap: reason=bimorphic action=maybe_recompile pc=0x00007f17c151cff0 method=com.android.dx.cf.code.BytecodeArray.parseInstruction(ILcom/android/dx/cf/code/BytecodeArray$Visitor;)I @ 1161
Event: 3.131 Thread 0x00007f17d000a000 Uncommon trap: reason=unstable_if action=reinterpret pc=0x00007f17c15d8c28 method=com.android.dx.ssa.SCCP.simulateStmt(Lcom/android/dx/ssa/SsaInsn;)V @ 59
Event: 3.151 Thread 0x00007f17d000a000 Uncommon trap: reason=bimorphic action=maybe_recompile pc=0x00007f17c151cff0 method=com.android.dx.cf.code.BytecodeArray.parseInstruction(ILcom/android/dx/cf/code/BytecodeArray$Visitor;)I @ 1161
Event: 3.152 Thread 0x00007f17d000a000 Uncommon trap: reason=bimorphic action=maybe_recompile pc=0x00007f17c151cff0 method=com.android.dx.cf.code.BytecodeArray.parseInstruction(ILcom/android/dx/cf/code/BytecodeArray$Visitor;)I @ 1161
Event: 3.296 Thread 0x00007f17d000a000 Uncommon trap: reason=unstable_if action=reinterpret pc=0x00007f17c138b7d8 method=java.util.HashMap.putVal(ILjava/lang/Object;Ljava/lang/Object;ZZ)Ljava/lang/Object; @ 162
Event: 3.310 Thread 0x00007f17d000a000 Uncommon trap: reason=unstable_if action=reinterpret pc=0x00007f17c15d06f8 method=java.util.HashMap.getNode(ILjava/lang/Object;)Ljava/util/HashMap$Node; @ 84
Event: 3.375 Thread 0x00007f17d000a000 Uncommon trap: reason=unstable_if action=reinterpret pc=0x00007f17c15e58f0 method=java.util.HashMap.getNode(ILjava/lang/Object;)Ljava/util/HashMap$Node; @ 84
Event: 3.385 Thread 0x00007f17d000a000 Uncommon trap: reason=unstable_if action=reinterpret pc=0x00007f17c13f3910 method=java.util.HashMap.putVal(ILjava/lang/Object;Ljava/lang/Object;ZZ)Ljava/lang/Object; @ 162
Event: 4.115 Thread 0x00007f17d000a000 Uncommon trap: reason=unstable_if action=reinterpret pc=0x00007f17c1683be4 method=com.android.dx.ssa.SCCP.simulateBranch(Lcom/android/dx/ssa/SsaInsn;)V @ 64
Event: 5.006 Thread 0x00007f17d000a000 Uncommon trap: reason=unstable_if action=reinterpret pc=0x00007f17c16ca2b4 method=com.android.dx.cf.code.ByteCatchList.listFor(I)Lcom/android/dx/cf/code/ByteCatchList; @ 47

Internal exceptions (6 events):
Event: 0.040 Thread 0x00007f17d000a000 Exception <a 'java/lang/NoSuchMethodError': Method sun.misc.Unsafe.defineClass(Ljava/lang/String;[BII)Ljava/lang/Class; name or signature does not match> (0x00000000eab07cc0) thrown at [/HUDSON3/workspace/8-2-build-linux-amd64/jdk8u101/7261/hotspot/src/sh
Event: 0.040 Thread 0x00007f17d000a000 Exception <a 'java/lang/NoSuchMethodError': Method sun.misc.Unsafe.prefetchRead(Ljava/lang/Object;J)V name or signature does not match> (0x00000000eab07fa8) thrown at [/HUDSON3/workspace/8-2-build-linux-amd64/jdk8u101/7261/hotspot/src/share/vm/prims/jni.c
Event: 2.328 Thread 0x00007f17d000a000 Implicit null exception at 0x00007f17c13544c0 to 0x00007f17c13569f9
Event: 3.298 Thread 0x00007f17d000a000 Exception <a 'java/lang/ArrayIndexOutOfBoundsException': 18> (0x00000000ecc35e68) thrown at [/HUDSON3/workspace/8-2-build-linux-amd64/jdk8u101/7261/hotspot/src/share/vm/interpreter/interpreterRuntime.cpp, line 366]
Event: 3.299 Thread 0x00007f17d000a000 Exception <a 'java/lang/ArrayIndexOutOfBoundsException'> (0x00000000ecc379e8) thrown at [/HUDSON3/workspace/8-2-build-linux-amd64/jdk8u101/7261/hotspot/src/share/vm/runtime/sharedRuntime.cpp, line 605]
Event: 3.299 Thread 0x00007f17d000a000 Exception <a 'java/lang/ArrayIndexOutOfBoundsException'> (0x00000000ecc38cd0) thrown at [/HUDSON3/workspace/8-2-build-linux-amd64/jdk8u101/7261/hotspot/src/share/vm/runtime/sharedRuntime.cpp, line 605]

Events (10 events):
Event: 5.059 Thread 0x00007f17d000a000 DEOPT PACKING pc=0x00007f17c13a4ef4 sp=0x00007f17d9a7fa00
Event: 5.059 Thread 0x00007f17d000a000 DEOPT UNPACKING pc=0x00007f17c1047633 sp=0x00007f17d9a7f7e8 mode 0
Event: 5.102 Thread 0x00007f17d000a000 DEOPT PACKING pc=0x00007f17c13a4ef4 sp=0x00007f17d9a7fa00
Event: 5.102 Thread 0x00007f17d000a000 DEOPT UNPACKING pc=0x00007f17c1047633 sp=0x00007f17d9a7f7e8 mode 0
Event: 5.121 Thread 0x00007f17d000a000 DEOPT PACKING pc=0x00007f17c167ea22 sp=0x00007f17d9a7f9b0
Event: 5.121 Thread 0x00007f17d000a000 DEOPT UNPACKING pc=0x00007f17c1047633 sp=0x00007f17d9a7f790 mode 0
Event: 5.134 Thread 0x00007f17d000a000 DEOPT PACKING pc=0x00007f17c13a4f0b sp=0x00007f17d9a7fa00
Event: 5.134 Thread 0x00007f17d000a000 DEOPT UNPACKING pc=0x00007f17c1047633 sp=0x00007f17d9a7f7e8 mode 0
Event: 5.140 Thread 0x00007f17d000a000 DEOPT PACKING pc=0x00007f17c1612e09 sp=0x00007f17d9a7f930
Event: 5.140 Thread 0x00007f17d000a000 DEOPT UNPACKING pc=0x00007f17c1047633 sp=0x00007f17d9a7f698 mode 0


Dynamic libraries:
00400000-00401000 r-xp 00000000 08:02 920532                             /usr/local/java/jdk1.8.0_101/bin/java
00600000-00601000 rw-p 00000000 08:02 920532                             /usr/local/java/jdk1.8.0_101/bin/java
021af000-021d0000 rw-p 00000000 00:00 0                                  [heap]
c0000000-c3d80000 rw-p 00000000 00:00 0 
c3d80000-eab00000 ---p 00000000 00:00 0 
eab00000-f1000000 rw-p 00000000 00:00 0 
f1000000-100000000 ---p 00000000 00:00 0 
100000000-1000a0000 rw-p 00000000 00:00 0 
1000a0000-140000000 ---p 00000000 00:00 0 
7f1784000000-7f1784021000 rw-p 00000000 00:00 0 
7f1784021000-7f1788000000 ---p 00000000 00:00 0 
7f178c000000-7f178cbab000 rw-p 00000000 00:00 0 
7f178cbab000-7f1790000000 ---p 00000000 00:00 0 
7f1790000000-7f1790021000 rw-p 00000000 00:00 0 
7f1790021000-7f1794000000 ---p 00000000 00:00 0 
7f1794000000-7f179495b000 rw-p 00000000 00:00 0 
7f179495b000-7f1798000000 ---p 00000000 00:00 0 
7f1798000000-7f1798bdd000 rw-p 00000000 00:00 0 
7f1798bdd000-7f179c000000 ---p 00000000 00:00 0 
7f179c000000-7f179c021000 rw-p 00000000 00:00 0 
7f179c021000-7f17a0000000 ---p 00000000 00:00 0 
7f17a0000000-7f17a0021000 rw-p 00000000 00:00 0 
7f17a0021000-7f17a4000000 ---p 00000000 00:00 0 
7f17a4000000-7f17a4021000 rw-p 00000000 00:00 0 
7f17a4021000-7f17a8000000 ---p 00000000 00:00 0 
7f17a8000000-7f17a8021000 rw-p 00000000 00:00 0 
7f17a8021000-7f17ac000000 ---p 00000000 00:00 0 
7f17ac000000-7f17ac021000 rw-p 00000000 00:00 0 
7f17ac021000-7f17b0000000 ---p 00000000 00:00 0 
7f17b0000000-7f17b0021000 rw-p 00000000 00:00 0 
7f17b0021000-7f17b4000000 ---p 00000000 00:00 0 
7f17b4000000-7f17b4021000 rw-p 00000000 00:00 0 
7f17b4021000-7f17b8000000 ---p 00000000 00:00 0 
7f17ba000000-7f17bc000000 rw-p 00000000 00:00 0 
7f17bc000000-7f17bc021000 rw-p 00000000 00:00 0 
7f17bc021000-7f17c0000000 ---p 00000000 00:00 0 
7f17c01e7000-7f17c01e8000 ---p 00000000 00:00 0 
7f17c01e8000-7f17c02e8000 rw-p 00000000 00:00 0 
7f17c02e8000-7f17c02eb000 ---p 00000000 00:00 0 
7f17c02eb000-7f17c03e9000 rw-p 00000000 00:00 0 
7f17c03e9000-7f17c03ec000 ---p 00000000 00:00 0 
7f17c03ec000-7f17c04ea000 rw-p 00000000 00:00 0 
7f17c04ea000-7f17c04ed000 ---p 00000000 00:00 0 
7f17c04ed000-7f17c05eb000 rw-p 00000000 00:00 0 
7f17c05eb000-7f17c05ee000 ---p 00000000 00:00 0 
7f17c05ee000-7f17c06ec000 rw-p 00000000 00:00 0 
7f17c06ec000-7f17c06ef000 ---p 00000000 00:00 0 
7f17c06ef000-7f17c07ed000 rw-p 00000000 00:00 0 
7f17c07ed000-7f17c1000000 r--p 00000000 08:02 530985                     /usr/lib/locale/locale-archive
7f17c1000000-7f17c1700000 rwxp 00000000 00:00 0 
7f17c1700000-7f17d0000000 ---p 00000000 00:00 0 
7f17d0000000-7f17d048a000 rw-p 00000000 00:00 0 
7f17d048a000-7f17d4000000 ---p 00000000 00:00 0 
7f17d4072000-7f17d40ca000 r--s 00416000 08:02 29367381                   /home/orchardson/Aizoban/app/build/intermediates/transforms/proguard/release/jars/3/1f/main.jar
7f17d40ca000-7f17d40cd000 ---p 00000000 00:00 0 
7f17d40cd000-7f17d41cb000 rw-p 00000000 00:00 0 
7f17d41cb000-7f17d41ce000 ---p 00000000 00:00 0 
7f17d41ce000-7f17d42cc000 rw-p 00000000 00:00 0 
7f17d42cc000-7f17d42cd000 ---p 00000000 00:00 0 
7f17d42cd000-7f17d538e000 rw-p 00000000 00:00 0 
7f17d538e000-7f17d5567000 r--s 03d29000 08:02 1580174                    /usr/local/java/jdk1.8.0_101/jre/lib/rt.jar
7f17d5567000-7f17d5c5d000 rw-p 00000000 00:00 0 
7f17d5c5d000-7f17d5ddd000 ---p 00000000 00:00 0 
7f17d5ddd000-7f17d5fdd000 rw-p 00000000 00:00 0 
7f17d5fdd000-7f17d5fde000 ---p 00000000 00:00 0 
7f17d5fde000-7f17d60de000 rw-p 00000000 00:00 0 
7f17d60de000-7f17d60df000 ---p 00000000 00:00 0 
7f17d60df000-7f17d61df000 rw-p 00000000 00:00 0 
7f17d61df000-7f17d61e0000 ---p 00000000 00:00 0 
7f17d61e0000-7f17d62e0000 rw-p 00000000 00:00 0 
7f17d62e0000-7f17d62e1000 ---p 00000000 00:00 0 
7f17d62e1000-7f17d6400000 rw-p 00000000 00:00 0 
7f17d6400000-7f17d6537000 ---p 00000000 00:00 0 
7f17d6537000-7f17d6556000 rw-p 00000000 00:00 0 
7f17d6556000-7f17d668c000 ---p 00000000 00:00 0 
7f17d668c000-7f17d66bf000 rw-p 00000000 00:00 0 
7f17d66bf000-7f17d6737000 ---p 00000000 00:00 0 
7f17d6737000-7f17d6754000 rw-p 00000000 00:00 0 
7f17d6754000-7f17d6af8000 ---p 00000000 00:00 0 
7f17d6af8000-7f17d6b12000 r-xp 00000000 08:02 1858719                    /usr/local/java/jdk1.8.0_101/jre/lib/amd64/libzip.so
7f17d6b12000-7f17d6d12000 ---p 0001a000 08:02 1858719                    /usr/local/java/jdk1.8.0_101/jre/lib/amd64/libzip.so
7f17d6d12000-7f17d6d13000 rw-p 0001a000 08:02 1858719                    /usr/local/java/jdk1.8.0_101/jre/lib/amd64/libzip.so
7f17d6d13000-7f17d6d1d000 r-xp 00000000 08:02 2621543                    /lib/x86_64-linux-gnu/libnss_files-2.19.so
7f17d6d1d000-7f17d6f1c000 ---p 0000a000 08:02 2621543                    /lib/x86_64-linux-gnu/libnss_files-2.19.so
7f17d6f1c000-7f17d6f1d000 r--p 00009000 08:02 2621543                    /lib/x86_64-linux-gnu/libnss_files-2.19.so
7f17d6f1d000-7f17d6f1e000 rw-p 0000a000 08:02 2621543                    /lib/x86_64-linux-gnu/libnss_files-2.19.so
7f17d6f1e000-7f17d6f29000 r-xp 00000000 08:02 2621535                    /lib/x86_64-linux-gnu/libnss_nis-2.19.so
7f17d6f29000-7f17d7128000 ---p 0000b000 08:02 2621535                    /lib/x86_64-linux-gnu/libnss_nis-2.19.so
7f17d7128000-7f17d7129000 r--p 0000a000 08:02 2621535                    /lib/x86_64-linux-gnu/libnss_nis-2.19.so
7f17d7129000-7f17d712a000 rw-p 0000b000 08:02 2621535                    /lib/x86_64-linux-gnu/libnss_nis-2.19.so
7f17d712a000-7f17d7141000 r-xp 00000000 08:02 2621531                    /lib/x86_64-linux-gnu/libnsl-2.19.so
7f17d7141000-7f17d7340000 ---p 00017000 08:02 2621531                    /lib/x86_64-linux-gnu/libnsl-2.19.so
7f17d7340000-7f17d7341000 r--p 00016000 08:02 2621531                    /lib/x86_64-linux-gnu/libnsl-2.19.so
7f17d7341000-7f17d7342000 rw-p 00017000 08:02 2621531                    /lib/x86_64-linux-gnu/libnsl-2.19.so
7f17d7342000-7f17d7344000 rw-p 00000000 00:00 0 
7f17d7344000-7f17d734d000 r-xp 00000000 08:02 2621530                    /lib/x86_64-linux-gnu/libnss_compat-2.19.so
7f17d734d000-7f17d754c000 ---p 00009000 08:02 2621530                    /lib/x86_64-linux-gnu/libnss_compat-2.19.so
7f17d754c000-7f17d754d000 r--p 00008000 08:02 2621530                    /lib/x86_64-linux-gnu/libnss_compat-2.19.so
7f17d754d000-7f17d754e000 rw-p 00009000 08:02 2621530                    /lib/x86_64-linux-gnu/libnss_compat-2.19.so
7f17d754e000-7f17d7578000 r-xp 00000000 08:02 1858745                    /usr/local/java/jdk1.8.0_101/jre/lib/amd64/libjava.so
7f17d7578000-7f17d7778000 ---p 0002a000 08:02 1858745                    /usr/local/java/jdk1.8.0_101/jre/lib/amd64/libjava.so
7f17d7778000-7f17d777a000 rw-p 0002a000 08:02 1858745                    /usr/local/java/jdk1.8.0_101/jre/lib/amd64/libjava.so
7f17d777a000-7f17d7787000 r-xp 00000000 08:02 1857396                    /usr/local/java/jdk1.8.0_101/jre/lib/amd64/libverify.so
7f17d7787000-7f17d7987000 ---p 0000d000 08:02 1857396                    /usr/local/java/jdk1.8.0_101/jre/lib/amd64/libverify.so
7f17d7987000-7f17d7989000 rw-p 0000d000 08:02 1857396                    /usr/local/java/jdk1.8.0_101/jre/lib/amd64/libverify.so
7f17d7989000-7f17d7990000 r-xp 00000000 08:02 2621539                    /lib/x86_64-linux-gnu/librt-2.19.so
7f17d7990000-7f17d7b8f000 ---p 00007000 08:02 2621539                    /lib/x86_64-linux-gnu/librt-2.19.so
7f17d7b8f000-7f17d7b90000 r--p 00006000 08:02 2621539                    /lib/x86_64-linux-gnu/librt-2.19.so
7f17d7b90000-7f17d7b91000 rw-p 00007000 08:02 2621539                    /lib/x86_64-linux-gnu/librt-2.19.so
7f17d7b91000-7f17d7c96000 r-xp 00000000 08:02 2621459                    /lib/x86_64-linux-gnu/libm-2.19.so
7f17d7c96000-7f17d7e95000 ---p 00105000 08:02 2621459                    /lib/x86_64-linux-gnu/libm-2.19.so
7f17d7e95000-7f17d7e96000 r--p 00104000 08:02 2621459                    /lib/x86_64-linux-gnu/libm-2.19.so
7f17d7e96000-7f17d7e97000 rw-p 00105000 08:02 2621459                    /lib/x86_64-linux-gnu/libm-2.19.so
7f17d7e97000-7f17d8b62000 r-xp 00000000 08:02 1858749                    /usr/local/java/jdk1.8.0_101/jre/lib/amd64/server/libjvm.so
7f17d8b62000-7f17d8d61000 ---p 00ccb000 08:02 1858749                    /usr/local/java/jdk1.8.0_101/jre/lib/amd64/server/libjvm.so
7f17d8d61000-7f17d8e3a000 rw-p 00cca000 08:02 1858749                    /usr/local/java/jdk1.8.0_101/jre/lib/amd64/server/libjvm.so
7f17d8e3a000-7f17d8e85000 rw-p 00000000 00:00 0 
7f17d8e85000-7f17d903f000 r-xp 00000000 08:02 2621540                    /lib/x86_64-linux-gnu/libc-2.19.so
7f17d903f000-7f17d923f000 ---p 001ba000 08:02 2621540                    /lib/x86_64-linux-gnu/libc-2.19.so
7f17d923f000-7f17d9243000 r--p 001ba000 08:02 2621540                    /lib/x86_64-linux-gnu/libc-2.19.so
7f17d9243000-7f17d9245000 rw-p 001be000 08:02 2621540                    /lib/x86_64-linux-gnu/libc-2.19.so
7f17d9245000-7f17d924a000 rw-p 00000000 00:00 0 
7f17d924a000-7f17d924d000 r-xp 00000000 08:02 2621469                    /lib/x86_64-linux-gnu/libdl-2.19.so
7f17d924d000-7f17d944c000 ---p 00003000 08:02 2621469                    /lib/x86_64-linux-gnu/libdl-2.19.so
7f17d944c000-7f17d944d000 r--p 00002000 08:02 2621469                    /lib/x86_64-linux-gnu/libdl-2.19.so
7f17d944d000-7f17d944e000 rw-p 00003000 08:02 2621469                    /lib/x86_64-linux-gnu/libdl-2.19.so
7f17d944e000-7f17d9463000 r-xp 00000000 08:02 1182428                    /usr/local/java/jdk1.8.0_101/lib/amd64/jli/libjli.so
7f17d9463000-7f17d9663000 ---p 00015000 08:02 1182428                    /usr/local/java/jdk1.8.0_101/lib/amd64/jli/libjli.so
7f17d9663000-7f17d9664000 rw-p 00015000 08:02 1182428                    /usr/local/java/jdk1.8.0_101/lib/amd64/jli/libjli.so
7f17d9664000-7f17d967d000 r-xp 00000000 08:02 2621532                    /lib/x86_64-linux-gnu/libpthread-2.19.so
7f17d967d000-7f17d987c000 ---p 00019000 08:02 2621532                    /lib/x86_64-linux-gnu/libpthread-2.19.so
7f17d987c000-7f17d987d000 r--p 00018000 08:02 2621532                    /lib/x86_64-linux-gnu/libpthread-2.19.so
7f17d987d000-7f17d987e000 rw-p 00019000 08:02 2621532                    /lib/x86_64-linux-gnu/libpthread-2.19.so
7f17d987e000-7f17d9882000 rw-p 00000000 00:00 0 
7f17d9882000-7f17d98a5000 r-xp 00000000 08:02 2621533                    /lib/x86_64-linux-gnu/ld-2.19.so
7f17d98a8000-7f17d9981000 rw-p 00000000 00:00 0 
7f17d9981000-7f17d9984000 ---p 00000000 00:00 0 
7f17d9984000-7f17d9a87000 rw-p 00000000 00:00 0 
7f17d9a87000-7f17d9a8a000 rw-p 00000000 00:00 0 
7f17d9a8a000-7f17d9a98000 r--s 000dc000 08:02 29914546                   /home/orchardson/Android/Sdk/build-tools/21.1.1/lib/dx.jar
7f17d9a98000-7f17d9aa0000 rw-s 00000000 08:02 15468675                   /tmp/hsperfdata_orchardson/27236
7f17d9aa0000-7f17d9aa1000 rw-p 00000000 00:00 0 
7f17d9aa1000-7f17d9aa2000 r--p 00000000 00:00 0 
7f17d9aa2000-7f17d9aa4000 rw-p 00000000 00:00 0 
7f17d9aa4000-7f17d9aa5000 r--p 00022000 08:02 2621533                    /lib/x86_64-linux-gnu/ld-2.19.so
7f17d9aa5000-7f17d9aa6000 rw-p 00023000 08:02 2621533                    /lib/x86_64-linux-gnu/ld-2.19.so
7f17d9aa6000-7f17d9aa7000 rw-p 00000000 00:00 0 
7ffcd59ab000-7ffcd59cc000 rw-p 00000000 00:00 0                          [stack]
7ffcd59f9000-7ffcd59fb000 r--p 00000000 00:00 0                          [vvar]
7ffcd59fb000-7ffcd59fd000 r-xp 00000000 00:00 0                          [vdso]
ffffffffff600000-ffffffffff601000 r-xp 00000000 00:00 0                  [vsyscall]

VM Arguments:
jvm_args: -Djava.awt.headless=true -Xmx1024M -Dfile.encoding=UTF-8 -Duser.country=US -Duser.language=en -Duser.variant 
java_command: com.android.dx.command.Main --dex --output /home/orchardson/Aizoban/app/build/intermediates/transforms/dex/release/folders/1000/1f/main /home/orchardson/Aizoban/app/build/intermediates/transforms/proguard/release/jars/3/1f/main.jar
java_class_path (initial): /home/orchardson/Android/Sdk/build-tools/21.1.1/lib/dx.jar
Launcher Type: SUN_STANDARD

Environment Variables:
JAVA_HOME=/usr/local/java/jdk1.8.0_101
JRE_HOME=/usr/local/java/jre1.8.0_101
PATH=/usr/local/sbin:/usr/local/bin:/usr/sbin:/usr/bin:/sbin:/bin:/usr/games:/usr/local/games:/usr/local/java/jre1.8.0_101/bin:/usr/local/java/jdk1.8.0_101/bin
SHELL=/bin/bash
DISPLAY=:0

Signal Handlers:
SIGSEGV: [libjvm.so+0xac4790], sa_mask[0]=11111111011111111101111111111110, sa_flags=SA_RESTART|SA_SIGINFO
SIGBUS: [libjvm.so+0xac4790], sa_mask[0]=11111111011111111101111111111110, sa_flags=SA_RESTART|SA_SIGINFO
SIGFPE: [libjvm.so+0x91f140], sa_mask[0]=11111111011111111101111111111110, sa_flags=SA_RESTART|SA_SIGINFO
SIGPIPE: [libjvm.so+0x91f140], sa_mask[0]=11111111011111111101111111111110, sa_flags=SA_RESTART|SA_SIGINFO
SIGXFSZ: [libjvm.so+0x91f140], sa_mask[0]=11111111011111111101111111111110, sa_flags=SA_RESTART|SA_SIGINFO
SIGILL: [libjvm.so+0x91f140], sa_mask[0]=11111111011111111101111111111110, sa_flags=SA_RESTART|SA_SIGINFO
SIGUSR1: SIG_DFL, sa_mask[0]=00000000000000000000000000000000, sa_flags=none
SIGUSR2: [libjvm.so+0x920770], sa_mask[0]=00100000000000000000000000000000, sa_flags=SA_RESTART|SA_SIGINFO
SIGHUP: [libjvm.so+0x921b70], sa_mask[0]=11111111011111111101111111111110, sa_flags=SA_RESTART|SA_SIGINFO
SIGINT: [libjvm.so+0x921b70], sa_mask[0]=11111111011111111101111111111110, sa_flags=SA_RESTART|SA_SIGINFO
SIGTERM: [libjvm.so+0x921b70], sa_mask[0]=11111111011111111101111111111110, sa_flags=SA_RESTART|SA_SIGINFO
SIGQUIT: [libjvm.so+0x921b70], sa_mask[0]=11111111011111111101111111111110, sa_flags=SA_RESTART|SA_SIGINFO


---------------  S Y S T E M  ---------------

OS:DISTRIB_ID=Ubuntu
DISTRIB_RELEASE=14.04
DISTRIB_CODENAME=trusty
DISTRIB_DESCRIPTION="Ubuntu 14.04.5 LTS"

uname:Linux 4.4.0-34-generic #53~14.04.1-Ubuntu SMP Wed Jul 27 16:56:40 UTC 2016 x86_64
libc:glibc 2.19 NPTL 2.19 
rlimit: STACK 8192k, CORE 0k, NPROC 22824, NOFILE 4096, AS infinity
load average:6.15 3.60 2.69

/proc/meminfo:
MemTotal:        5923700 kB
MemFree:          179596 kB
MemAvailable:     611736 kB
Buffers:           32372 kB
Cached:          1022468 kB
SwapCached:       106328 kB
Active:          4234372 kB
Inactive:        1255252 kB
Active(anon):    3860408 kB
Inactive(anon):  1023712 kB
Active(file):     373964 kB
Inactive(file):   231540 kB
Unevictable:          96 kB
Mlocked:              96 kB
SwapTotal:       6100988 kB
SwapFree:        5405032 kB
Dirty:             21752 kB
Writeback:             0 kB
AnonPages:       4420896 kB
Mapped:           503936 kB
Shmem:            449688 kB
Slab:             127736 kB
SReclaimable:      81820 kB
SUnreclaim:        45916 kB
KernelStack:       12592 kB
PageTables:        57776 kB
NFS_Unstable:          0 kB
Bounce:                0 kB
WritebackTmp:          0 kB
CommitLimit:     9062836 kB
Committed_AS:   11324408 kB
VmallocTotal:   34359738367 kB
VmallocUsed:           0 kB
VmallocChunk:          0 kB
HardwareCorrupted:     0 kB
AnonHugePages:   2058240 kB
CmaTotal:              0 kB
CmaFree:               0 kB
HugePages_Total:       0
HugePages_Free:        0
HugePages_Rsvd:        0
HugePages_Surp:        0
Hugepagesize:       2048 kB
DirectMap4k:      171772 kB
DirectMap2M:     5931008 kB


CPU:total 4 (2 cores per cpu, 2 threads per core) family 6 model 58 stepping 9, cmov, cx8, fxsr, mmx, sse, sse2, sse3, ssse3, sse4.1, sse4.2, popcnt, avx, aes, clmul, erms, ht, tsc, tscinvbit, tscinv

/proc/cpuinfo:
processor	: 0
vendor_id	: GenuineIntel
cpu family	: 6
model		: 58
model name	: Intel(R) Core(TM) i5-3337U CPU @ 1.80GHz
stepping	: 9
microcode	: 0x15
cpu MHz		: 2499.960
cache size	: 3072 KB
physical id	: 0
siblings	: 4
core id		: 0
cpu cores	: 2
apicid		: 0
initial apicid	: 0
fpu		: yes
fpu_exception	: yes
cpuid level	: 13
wp		: yes
flags		: fpu vme de pse tsc msr pae mce cx8 apic sep mtrr pge mca cmov pat pse36 clflush dts acpi mmx fxsr sse sse2 ss ht tm pbe syscall nx rdtscp lm constant_tsc arch_perfmon pebs bts rep_good nopl xtopology nonstop_tsc aperfmperf eagerfpu pni pclmulqdq dtes64 monitor ds_cpl vmx est tm2 ssse3 cx16 xtpr pdcm pcid sse4_1 sse4_2 x2apic popcnt tsc_deadline_timer aes xsave avx f16c rdrand lahf_lm epb tpr_shadow vnmi flexpriority ept vpid fsgsbase smep erms xsaveopt dtherm ida arat pln pts
bugs		:
bogomips	: 3591.69
clflush size	: 64
cache_alignment	: 64
address sizes	: 36 bits physical, 48 bits virtual
power management:

processor	: 1
vendor_id	: GenuineIntel
cpu family	: 6
model		: 58
model name	: Intel(R) Core(TM) i5-3337U CPU @ 1.80GHz
stepping	: 9
microcode	: 0x15
cpu MHz		: 2499.960
cache size	: 3072 KB
physical id	: 0
siblings	: 4
core id		: 0
cpu cores	: 2
apicid		: 1
initial apicid	: 1
fpu		: yes
fpu_exception	: yes
cpuid level	: 13
wp		: yes
flags		: fpu vme de pse tsc msr pae mce cx8 apic sep mtrr pge mca cmov pat pse36 clflush dts acpi mmx fxsr sse sse2 ss ht tm pbe syscall nx rdtscp lm constant_tsc arch_perfmon pebs bts rep_good nopl xtopology nonstop_tsc aperfmperf eagerfpu pni pclmulqdq dtes64 monitor ds_cpl vmx est tm2 ssse3 cx16 xtpr pdcm pcid sse4_1 sse4_2 x2apic popcnt tsc_deadline_timer aes xsave avx f16c rdrand lahf_lm epb tpr_shadow vnmi flexpriority ept vpid fsgsbase smep erms xsaveopt dtherm ida arat pln pts
bugs		:
bogomips	: 3591.69
clflush size	: 64
cache_alignment	: 64
address sizes	: 36 bits physical, 48 bits virtual
power management:

processor	: 2
vendor_id	: GenuineIntel
cpu family	: 6
model		: 58
model name	: Intel(R) Core(TM) i5-3337U CPU @ 1.80GHz
stepping	: 9
microcode	: 0x15
cpu MHz		: 2499.960
cache size	: 3072 KB
physical id	: 0
siblings	: 4
core id		: 1
cpu cores	: 2
apicid		: 2
initial apicid	: 2
fpu		: yes
fpu_exception	: yes
cpuid level	: 13
wp		: yes
flags		: fpu vme de pse tsc msr pae mce cx8 apic sep mtrr pge mca cmov pat pse36 clflush dts acpi mmx fxsr sse sse2 ss ht tm pbe syscall nx rdtscp lm constant_tsc arch_perfmon pebs bts rep_good nopl xtopology nonstop_tsc aperfmperf eagerfpu pni pclmulqdq dtes64 monitor ds_cpl vmx est tm2 ssse3 cx16 xtpr pdcm pcid sse4_1 sse4_2 x2apic popcnt tsc_deadline_timer aes xsave avx f16c rdrand lahf_lm epb tpr_shadow vnmi flexpriority ept vpid fsgsbase smep erms xsaveopt dtherm ida arat pln pts
bugs		:
bogomips	: 3591.69
clflush size	: 64
cache_alignment	: 64
address sizes	: 36 bits physical, 48 bits virtual
power management:

processor	: 3
vendor_id	: GenuineIntel
cpu family	: 6
model		: 58
model name	: Intel(R) Core(TM) i5-3337U CPU @ 1.80GHz
stepping	: 9
microcode	: 0x15
cpu MHz		: 2499.960
cache size	: 3072 KB
physical id	: 0
siblings	: 4
core id		: 1
cpu cores	: 2
apicid		: 3
initial apicid	: 3
fpu		: yes
fpu_exception	: yes
cpuid level	: 13
wp		: yes
flags		: fpu vme de pse tsc msr pae mce cx8 apic sep mtrr pge mca cmov pat pse36 clflush dts acpi mmx fxsr sse sse2 ss ht tm pbe syscall nx rdtscp lm constant_tsc arch_perfmon pebs bts rep_good nopl xtopology nonstop_tsc aperfmperf eagerfpu pni pclmulqdq dtes64 monitor ds_cpl vmx est tm2 ssse3 cx16 xtpr pdcm pcid sse4_1 sse4_2 x2apic popcnt tsc_deadline_timer aes xsave avx f16c rdrand lahf_lm epb tpr_shadow vnmi flexpriority ept vpid fsgsbase smep erms xsaveopt dtherm ida arat pln pts
bugs		:
bogomips	: 3591.69
clflush size	: 64
cache_alignment	: 64
address sizes	: 36 bits physical, 48 bits virtual
power management:



Memory: 4k page, physical 5923700k(179596k free), swap 6100988k(5405032k free)

vm_info: Java HotSpot(TM) 64-Bit Server VM (25.101-b13) for linux-amd64 JRE (1.8.0_101-b13), built on Jun 22 2016 02:59:44 by "java_re" with gcc 4.3.0 20080428 (Red Hat 4.3.0-8)

time: Fri Aug 26 15:31:34 2016
elapsed time: 5 seconds (0d 0h 0m 5s)

